<?xml version="1.0" encoding="UTF-8"?>
<!-- Generated by org.testng.reporters.JUnitReportReporter -->
<testsuite skipped="0" hostname="LAPTOP-0H935DFN" name="LoginTest" tests="1" failures="0" timestamp="14 Dec 2017 22:30:30 GMT" time="5.701" errors="0">
  <testcase name="doLogin" time="5.701" classname="LoginTest"/>
</testsuite> <!-- LoginTest -->
