<?xml version="1.0" encoding="UTF-8"?>
<!-- Generated by org.testng.reporters.JUnitReportReporter -->
<testsuite skipped="0" hostname="LAPTOP-0H935DFN" name="LoginTest" tests="1" failures="0" timestamp="14 Dec 2017 22:43:54 GMT" time="5.008" errors="0">
  <testcase name="doLogin" time="5.008" classname="LoginTest"/>
</testsuite> <!-- LoginTest -->
